  [1m[36m (3.9ms)[0m  [1mCREATE TABLE "schema_migrations" ("version" varchar NOT NULL) [0m
  [1m[35m (0.1ms)[0m  select sqlite_version(*)
  [1m[36m (4.8ms)[0m  [1mCREATE UNIQUE INDEX "unique_schema_migrations" ON "schema_migrations" ("version")[0m
  [1m[35mActiveRecord::SchemaMigration Load (0.1ms)[0m  SELECT "schema_migrations".* FROM "schema_migrations"
Migrating to CreateUsers (20160503232514)
  [1m[36m (0.1ms)[0m  [1mbegin transaction[0m
  [1m[35m (0.5ms)[0m  CREATE TABLE "users" ("id" INTEGER PRIMARY KEY AUTOINCREMENT NOT NULL, "name" varchar, "email" varchar, "birthday" date, "password" varchar, "created_at" datetime NOT NULL, "updated_at" datetime NOT NULL) 
  [1m[36m (0.1ms)[0m  [1mCREATE  INDEX "index_users_on_email" ON "users" ("email")[0m
  [1m[35mSQL (0.2ms)[0m  INSERT INTO "schema_migrations" ("version") VALUES (?)  [["version", "20160503232514"]]
  [1m[36m (6.0ms)[0m  [1mcommit transaction[0m
  [1m[35mActiveRecord::SchemaMigration Load (0.1ms)[0m  SELECT "schema_migrations".* FROM "schema_migrations"
  [1m[36m (0.1ms)[0m  [1m            SELECT sql
            FROM sqlite_master
            WHERE name='index_users_on_email' AND type='index'
            UNION ALL
            SELECT sql
            FROM sqlite_temp_master
            WHERE name='index_users_on_email' AND type='index'
[0m


Started GET "/users" for ::1 at 2016-05-03 18:28:37 -0500
  [1m[36mActiveRecord::SchemaMigration Load (0.1ms)[0m  [1mSELECT "schema_migrations".* FROM "schema_migrations"[0m
Processing by UsersController#index as HTML
  [1m[35mUser Load (0.2ms)[0m  SELECT "users".* FROM "users"
  Rendered users/index.html.erb within layouts/application (3.6ms)
Completed 200 OK in 2456ms (Views: 2444.0ms | ActiveRecord: 0.3ms)


Started GET "/assets/scaffolds.self-7c252d9ff155697672789d0d7c8b4c4e39d76c647eecd0b1b04ecca405f19507.css?body=1" for ::1 at 2016-05-03 18:28:40 -0500


Started GET "/assets/users.self-e3b0c44298fc1c149afbf4c8996fb92427ae41e4649b934ca495991b7852b855.css?body=1" for ::1 at 2016-05-03 18:28:40 -0500


Started GET "/assets/application.self-e80e8f2318043e8af94dddc2adad5a4f09739a8ebb323b3ab31cd71d45fd9113.css?body=1" for ::1 at 2016-05-03 18:28:40 -0500


Started GET "/assets/jquery.self-660adc51e0224b731d29f575a6f1ec167ba08ad06ed5deca4f1e8654c135bf4c.js?body=1" for ::1 at 2016-05-03 18:28:40 -0500


Started GET "/assets/jquery_ujs.self-e87806d0cf4489aeb1bb7288016024e8de67fd18db693fe026fe3907581e53cd.js?body=1" for ::1 at 2016-05-03 18:28:40 -0500


Started GET "/assets/application.self-3b8dabdc891efe46b9a144b400ad69e37d7e5876bdc39dee783419a69d7ca819.js?body=1" for ::1 at 2016-05-03 18:28:40 -0500


Started GET "/assets/users.self-877aef30ae1b040ab8a3aba4e3e309a11d7f2612f44dde450b5c157aa5f95c05.js?body=1" for ::1 at 2016-05-03 18:28:40 -0500


Started GET "/assets/turbolinks.self-c37727e9bd6b2735da5c311aa83fead54ed0be6cc8bd9a65309e9c5abe2cbfff.js?body=1" for ::1 at 2016-05-03 18:28:40 -0500


Started GET "/users/new" for ::1 at 2016-05-03 18:28:45 -0500
Processing by UsersController#new as HTML
  Rendered users/_form.html.erb (38.7ms)
  Rendered users/new.html.erb within layouts/application (45.8ms)
Completed 200 OK in 98ms (Views: 86.5ms | ActiveRecord: 0.3ms)


Started GET "/users/new" for ::1 at 2016-05-03 18:30:13 -0500
Processing by UsersController#new as HTML
  Rendered users/_form.html.erb (10.0ms)
  Rendered users/new.html.erb within layouts/application (11.9ms)
Completed 200 OK in 33ms (Views: 31.4ms | ActiveRecord: 0.0ms)


Started GET "/assets/scaffolds.self-7c252d9ff155697672789d0d7c8b4c4e39d76c647eecd0b1b04ecca405f19507.css?body=1" for ::1 at 2016-05-03 18:30:13 -0500


Started GET "/assets/jquery_ujs.self-e87806d0cf4489aeb1bb7288016024e8de67fd18db693fe026fe3907581e53cd.js?body=1" for ::1 at 2016-05-03 18:30:13 -0500


Started GET "/assets/application.self-e80e8f2318043e8af94dddc2adad5a4f09739a8ebb323b3ab31cd71d45fd9113.css?body=1" for ::1 at 2016-05-03 18:30:13 -0500


Started GET "/assets/turbolinks.self-c37727e9bd6b2735da5c311aa83fead54ed0be6cc8bd9a65309e9c5abe2cbfff.js?body=1" for ::1 at 2016-05-03 18:30:13 -0500


Started GET "/assets/users.self-e3b0c44298fc1c149afbf4c8996fb92427ae41e4649b934ca495991b7852b855.css?body=1" for ::1 at 2016-05-03 18:30:13 -0500


Started GET "/assets/jquery.self-660adc51e0224b731d29f575a6f1ec167ba08ad06ed5deca4f1e8654c135bf4c.js?body=1" for ::1 at 2016-05-03 18:30:13 -0500


Started GET "/assets/users.self-877aef30ae1b040ab8a3aba4e3e309a11d7f2612f44dde450b5c157aa5f95c05.js?body=1" for ::1 at 2016-05-03 18:30:13 -0500


Started GET "/assets/application.self-3b8dabdc891efe46b9a144b400ad69e37d7e5876bdc39dee783419a69d7ca819.js?body=1" for ::1 at 2016-05-03 18:30:13 -0500


Started POST "/users" for ::1 at 2016-05-03 18:30:34 -0500
Processing by UsersController#create as HTML
  Parameters: {"utf8"=>"✓", "authenticity_token"=>"rhVX+2AaFjuHKand9fPOPAXM2QPuJJK7DBQZZPvywhMCuTtR8VQWJZp9aaoJ3hmnP1mn2HRq652KOeCQl7Apiw==", "user"=>{"name"=>"Alejo", "email"=>"alejocram@gmail.com", "birthday(1i)"=>"2016", "birthday(2i)"=>"3", "birthday(3i)"=>"12", "password"=>"[FILTERED]"}, "commit"=>"Create User"}
  [1m[36m (0.5ms)[0m  [1mbegin transaction[0m
  [1m[35mSQL (0.5ms)[0m  INSERT INTO "users" ("name", "email", "password", "birthday", "created_at", "updated_at") VALUES (?, ?, ?, ?, ?, ?)  [["name", "Alejo"], ["email", "alejocram@gmail.com"], ["password", "alejocram"], ["birthday", "2016-03-12"], ["created_at", "2016-05-03 23:30:34.106765"], ["updated_at", "2016-05-03 23:30:34.106765"]]
  [1m[36m (4.9ms)[0m  [1mcommit transaction[0m
Redirected to http://localhost:3000/users/1
Completed 302 Found in 16ms (ActiveRecord: 5.8ms)


Started GET "/users/1" for ::1 at 2016-05-03 18:30:34 -0500
Processing by UsersController#show as HTML
  Parameters: {"id"=>"1"}
  [1m[35mUser Load (0.2ms)[0m  SELECT  "users".* FROM "users" WHERE "users"."id" = ? LIMIT 1  [["id", 1]]
  Rendered users/show.html.erb within layouts/application (2.2ms)
Completed 200 OK in 45ms (Views: 35.5ms | ActiveRecord: 0.2ms)


Started GET "/users" for ::1 at 2016-05-03 18:30:40 -0500
Processing by UsersController#index as HTML
  [1m[36mUser Load (0.2ms)[0m  [1mSELECT "users".* FROM "users"[0m
  Rendered users/index.html.erb within layouts/application (4.0ms)
Completed 200 OK in 39ms (Views: 37.6ms | ActiveRecord: 0.2ms)


Started GET "/users/1" for ::1 at 2016-05-03 18:30:43 -0500
Processing by UsersController#show as HTML
  Parameters: {"id"=>"1"}
  [1m[35mUser Load (0.1ms)[0m  SELECT  "users".* FROM "users" WHERE "users"."id" = ? LIMIT 1  [["id", 1]]
  Rendered users/show.html.erb within layouts/application (1.1ms)
Completed 200 OK in 22ms (Views: 20.6ms | ActiveRecord: 0.1ms)
